<?xml version="1.0" encoding="UTF-8"?>
<!-- Generated by org.testng.reporters.JUnitXMLReporter -->
<testsuite ignored="0" hostname="DESKTOP-96NUCQ1" failures="6" tests="6" name="ExtentReport5 for Cucumber" time="48.528" errors="0" timestamp="2023-07-21T18:07:08 IST">
  <testcase classname="io.cucumber.testng.AbstractTestNGCucumberTests" name="runScenario" time="20.546">
    <failure type="org.openqa.selenium.remote.http.ConnectionFailedException" message="Unable to establish websocket connection to http://localhost:64435/devtools/browser/0a7b8cc8-3e4b-4b5c-bde2-5c2e0558df5e
Build info: version: &amp;apos;4.3.0&amp;apos;, revision: &amp;apos;a4995e2c09*&amp;apos;
System info: host: &amp;apos;DESKTOP-96NUCQ1&amp;apos;, ip: &amp;apos;192.168.105.253&amp;apos;, os.name: &amp;apos;Windows 10&amp;apos;, os.arch: &amp;apos;amd64&amp;apos;, os.version: &amp;apos;10.0&amp;apos;, java.version: &amp;apos;15.0.2&amp;apos;
Driver info: driver.version: ChromeDriver">
      <![CDATA[org.openqa.selenium.remote.http.ConnectionFailedException: Unable to establish websocket connection to http://localhost:64435/devtools/browser/0a7b8cc8-3e4b-4b5c-bde2-5c2e0558df5e
Build info: version: '4.3.0', revision: 'a4995e2c09*'
System info: host: 'DESKTOP-96NUCQ1', ip: '192.168.105.253', os.name: 'Windows 10', os.arch: 'amd64', os.version: '10.0', java.version: '15.0.2'
Driver info: driver.version: ChromeDriver
at org.openqa.selenium.remote.http.netty.NettyWebSocket.<init>(NettyWebSocket.java:102)
at org.openqa.selenium.remote.http.netty.NettyWebSocket.lambda$create$3(NettyWebSocket.java:128)
at org.openqa.selenium.remote.http.netty.NettyClient.openSocket(NettyClient.java:106)
at org.openqa.selenium.devtools.Connection.<init>(Connection.java:77)
at org.openqa.selenium.chromium.ChromiumDriver.lambda$new$2(ChromiumDriver.java:116)
at java.base/java.util.Optional.map(Optional.java:258)
at org.openqa.selenium.chromium.ChromiumDriver.<init>(ChromiumDriver.java:114)
at org.openqa.selenium.chrome.ChromeDriver.<init>(ChromeDriver.java:81)
at org.openqa.selenium.chrome.ChromeDriver.<init>(ChromeDriver.java:49)
at utils.helper.HelperClass.<init>(HelperClass.java:20)
at utils.helper.HelperClass.setUpDriver(HelperClass.java:39)
at stepDef.Hooks.setUp(Hooks.java:12)
]]>
    </failure>
  </testcase> <!-- runScenario -->
  <testcase classname="io.cucumber.testng.AbstractTestNGCucumberTests" name="runScenario" time="5.923">
    <failure type="org.openqa.selenium.remote.http.ConnectionFailedException" message="Unable to establish websocket connection to http://localhost:64454/devtools/browser/ae0af8fe-6ad8-4100-b380-6ce290b99a4c
Build info: version: &amp;apos;4.3.0&amp;apos;, revision: &amp;apos;a4995e2c09*&amp;apos;
System info: host: &amp;apos;DESKTOP-96NUCQ1&amp;apos;, ip: &amp;apos;192.168.105.253&amp;apos;, os.name: &amp;apos;Windows 10&amp;apos;, os.arch: &amp;apos;amd64&amp;apos;, os.version: &amp;apos;10.0&amp;apos;, java.version: &amp;apos;15.0.2&amp;apos;
Driver info: driver.version: ChromeDriver">
      <![CDATA[org.openqa.selenium.remote.http.ConnectionFailedException: Unable to establish websocket connection to http://localhost:64454/devtools/browser/ae0af8fe-6ad8-4100-b380-6ce290b99a4c
Build info: version: '4.3.0', revision: 'a4995e2c09*'
System info: host: 'DESKTOP-96NUCQ1', ip: '192.168.105.253', os.name: 'Windows 10', os.arch: 'amd64', os.version: '10.0', java.version: '15.0.2'
Driver info: driver.version: ChromeDriver
at org.openqa.selenium.remote.http.netty.NettyWebSocket.<init>(NettyWebSocket.java:102)
at org.openqa.selenium.remote.http.netty.NettyWebSocket.lambda$create$3(NettyWebSocket.java:128)
at org.openqa.selenium.remote.http.netty.NettyClient.openSocket(NettyClient.java:106)
at org.openqa.selenium.devtools.Connection.<init>(Connection.java:77)
at org.openqa.selenium.chromium.ChromiumDriver.lambda$new$2(ChromiumDriver.java:116)
at java.base/java.util.Optional.map(Optional.java:258)
at org.openqa.selenium.chromium.ChromiumDriver.<init>(ChromiumDriver.java:114)
at org.openqa.selenium.chrome.ChromeDriver.<init>(ChromeDriver.java:81)
at org.openqa.selenium.chrome.ChromeDriver.<init>(ChromeDriver.java:49)
at utils.helper.HelperClass.<init>(HelperClass.java:20)
at utils.helper.HelperClass.setUpDriver(HelperClass.java:39)
at stepDef.Hooks.setUp(Hooks.java:12)
]]>
    </failure>
  </testcase> <!-- runScenario -->
  <testcase classname="io.cucumber.testng.AbstractTestNGCucumberTests" name="runScenario" time="6.192">
    <failure type="org.openqa.selenium.remote.http.ConnectionFailedException" message="Unable to establish websocket connection to http://localhost:64471/devtools/browser/43885150-80ef-49c2-b5f8-442ea23f8ee1
Build info: version: &amp;apos;4.3.0&amp;apos;, revision: &amp;apos;a4995e2c09*&amp;apos;
System info: host: &amp;apos;DESKTOP-96NUCQ1&amp;apos;, ip: &amp;apos;192.168.105.253&amp;apos;, os.name: &amp;apos;Windows 10&amp;apos;, os.arch: &amp;apos;amd64&amp;apos;, os.version: &amp;apos;10.0&amp;apos;, java.version: &amp;apos;15.0.2&amp;apos;
Driver info: driver.version: ChromeDriver">
      <![CDATA[org.openqa.selenium.remote.http.ConnectionFailedException: Unable to establish websocket connection to http://localhost:64471/devtools/browser/43885150-80ef-49c2-b5f8-442ea23f8ee1
Build info: version: '4.3.0', revision: 'a4995e2c09*'
System info: host: 'DESKTOP-96NUCQ1', ip: '192.168.105.253', os.name: 'Windows 10', os.arch: 'amd64', os.version: '10.0', java.version: '15.0.2'
Driver info: driver.version: ChromeDriver
at org.openqa.selenium.remote.http.netty.NettyWebSocket.<init>(NettyWebSocket.java:102)
at org.openqa.selenium.remote.http.netty.NettyWebSocket.lambda$create$3(NettyWebSocket.java:128)
at org.openqa.selenium.remote.http.netty.NettyClient.openSocket(NettyClient.java:106)
at org.openqa.selenium.devtools.Connection.<init>(Connection.java:77)
at org.openqa.selenium.chromium.ChromiumDriver.lambda$new$2(ChromiumDriver.java:116)
at java.base/java.util.Optional.map(Optional.java:258)
at org.openqa.selenium.chromium.ChromiumDriver.<init>(ChromiumDriver.java:114)
at org.openqa.selenium.chrome.ChromeDriver.<init>(ChromeDriver.java:81)
at org.openqa.selenium.chrome.ChromeDriver.<init>(ChromeDriver.java:49)
at utils.helper.HelperClass.<init>(HelperClass.java:20)
at utils.helper.HelperClass.setUpDriver(HelperClass.java:39)
at stepDef.Hooks.setUp(Hooks.java:12)
]]>
    </failure>
  </testcase> <!-- runScenario -->
  <testcase classname="io.cucumber.testng.AbstractTestNGCucumberTests" name="runScenario" time="4.683">
    <failure type="org.openqa.selenium.remote.http.ConnectionFailedException" message="Unable to establish websocket connection to http://localhost:64489/devtools/browser/745d71c6-199a-44e0-9ffd-7d51a623b2bf
Build info: version: &amp;apos;4.3.0&amp;apos;, revision: &amp;apos;a4995e2c09*&amp;apos;
System info: host: &amp;apos;DESKTOP-96NUCQ1&amp;apos;, ip: &amp;apos;192.168.105.253&amp;apos;, os.name: &amp;apos;Windows 10&amp;apos;, os.arch: &amp;apos;amd64&amp;apos;, os.version: &amp;apos;10.0&amp;apos;, java.version: &amp;apos;15.0.2&amp;apos;
Driver info: driver.version: ChromeDriver">
      <![CDATA[org.openqa.selenium.remote.http.ConnectionFailedException: Unable to establish websocket connection to http://localhost:64489/devtools/browser/745d71c6-199a-44e0-9ffd-7d51a623b2bf
Build info: version: '4.3.0', revision: 'a4995e2c09*'
System info: host: 'DESKTOP-96NUCQ1', ip: '192.168.105.253', os.name: 'Windows 10', os.arch: 'amd64', os.version: '10.0', java.version: '15.0.2'
Driver info: driver.version: ChromeDriver
at org.openqa.selenium.remote.http.netty.NettyWebSocket.<init>(NettyWebSocket.java:102)
at org.openqa.selenium.remote.http.netty.NettyWebSocket.lambda$create$3(NettyWebSocket.java:128)
at org.openqa.selenium.remote.http.netty.NettyClient.openSocket(NettyClient.java:106)
at org.openqa.selenium.devtools.Connection.<init>(Connection.java:77)
at org.openqa.selenium.chromium.ChromiumDriver.lambda$new$2(ChromiumDriver.java:116)
at java.base/java.util.Optional.map(Optional.java:258)
at org.openqa.selenium.chromium.ChromiumDriver.<init>(ChromiumDriver.java:114)
at org.openqa.selenium.chrome.ChromeDriver.<init>(ChromeDriver.java:81)
at org.openqa.selenium.chrome.ChromeDriver.<init>(ChromeDriver.java:49)
at utils.helper.HelperClass.<init>(HelperClass.java:20)
at utils.helper.HelperClass.setUpDriver(HelperClass.java:39)
at stepDef.Hooks.setUp(Hooks.java:12)
]]>
    </failure>
  </testcase> <!-- runScenario -->
  <testcase classname="io.cucumber.testng.AbstractTestNGCucumberTests" name="runScenario" time="3.578">
    <failure type="org.openqa.selenium.remote.http.ConnectionFailedException" message="Unable to establish websocket connection to http://localhost:64506/devtools/browser/36fed27c-9fd0-49f4-a32f-fb0216312d6d
Build info: version: &amp;apos;4.3.0&amp;apos;, revision: &amp;apos;a4995e2c09*&amp;apos;
System info: host: &amp;apos;DESKTOP-96NUCQ1&amp;apos;, ip: &amp;apos;192.168.105.253&amp;apos;, os.name: &amp;apos;Windows 10&amp;apos;, os.arch: &amp;apos;amd64&amp;apos;, os.version: &amp;apos;10.0&amp;apos;, java.version: &amp;apos;15.0.2&amp;apos;
Driver info: driver.version: ChromeDriver">
      <![CDATA[org.openqa.selenium.remote.http.ConnectionFailedException: Unable to establish websocket connection to http://localhost:64506/devtools/browser/36fed27c-9fd0-49f4-a32f-fb0216312d6d
Build info: version: '4.3.0', revision: 'a4995e2c09*'
System info: host: 'DESKTOP-96NUCQ1', ip: '192.168.105.253', os.name: 'Windows 10', os.arch: 'amd64', os.version: '10.0', java.version: '15.0.2'
Driver info: driver.version: ChromeDriver
at org.openqa.selenium.remote.http.netty.NettyWebSocket.<init>(NettyWebSocket.java:102)
at org.openqa.selenium.remote.http.netty.NettyWebSocket.lambda$create$3(NettyWebSocket.java:128)
at org.openqa.selenium.remote.http.netty.NettyClient.openSocket(NettyClient.java:106)
at org.openqa.selenium.devtools.Connection.<init>(Connection.java:77)
at org.openqa.selenium.chromium.ChromiumDriver.lambda$new$2(ChromiumDriver.java:116)
at java.base/java.util.Optional.map(Optional.java:258)
at org.openqa.selenium.chromium.ChromiumDriver.<init>(ChromiumDriver.java:114)
at org.openqa.selenium.chrome.ChromeDriver.<init>(ChromeDriver.java:81)
at org.openqa.selenium.chrome.ChromeDriver.<init>(ChromeDriver.java:49)
at utils.helper.HelperClass.<init>(HelperClass.java:20)
at utils.helper.HelperClass.setUpDriver(HelperClass.java:39)
at stepDef.Hooks.setUp(Hooks.java:12)
]]>
    </failure>
  </testcase> <!-- runScenario -->
  <testcase classname="io.cucumber.testng.AbstractTestNGCucumberTests" name="runScenario" time="3.579">
    <failure type="org.openqa.selenium.remote.http.ConnectionFailedException" message="Unable to establish websocket connection to http://localhost:64522/devtools/browser/fa09a0c2-6632-49aa-afb6-f93b35f326f6
Build info: version: &amp;apos;4.3.0&amp;apos;, revision: &amp;apos;a4995e2c09*&amp;apos;
System info: host: &amp;apos;DESKTOP-96NUCQ1&amp;apos;, ip: &amp;apos;192.168.105.253&amp;apos;, os.name: &amp;apos;Windows 10&amp;apos;, os.arch: &amp;apos;amd64&amp;apos;, os.version: &amp;apos;10.0&amp;apos;, java.version: &amp;apos;15.0.2&amp;apos;
Driver info: driver.version: ChromeDriver">
      <![CDATA[org.openqa.selenium.remote.http.ConnectionFailedException: Unable to establish websocket connection to http://localhost:64522/devtools/browser/fa09a0c2-6632-49aa-afb6-f93b35f326f6
Build info: version: '4.3.0', revision: 'a4995e2c09*'
System info: host: 'DESKTOP-96NUCQ1', ip: '192.168.105.253', os.name: 'Windows 10', os.arch: 'amd64', os.version: '10.0', java.version: '15.0.2'
Driver info: driver.version: ChromeDriver
at org.openqa.selenium.remote.http.netty.NettyWebSocket.<init>(NettyWebSocket.java:102)
at org.openqa.selenium.remote.http.netty.NettyWebSocket.lambda$create$3(NettyWebSocket.java:128)
at org.openqa.selenium.remote.http.netty.NettyClient.openSocket(NettyClient.java:106)
at org.openqa.selenium.devtools.Connection.<init>(Connection.java:77)
at org.openqa.selenium.chromium.ChromiumDriver.lambda$new$2(ChromiumDriver.java:116)
at java.base/java.util.Optional.map(Optional.java:258)
at org.openqa.selenium.chromium.ChromiumDriver.<init>(ChromiumDriver.java:114)
at org.openqa.selenium.chrome.ChromeDriver.<init>(ChromeDriver.java:81)
at org.openqa.selenium.chrome.ChromeDriver.<init>(ChromeDriver.java:49)
at utils.helper.HelperClass.<init>(HelperClass.java:20)
at utils.helper.HelperClass.setUpDriver(HelperClass.java:39)
at stepDef.Hooks.setUp(Hooks.java:12)
]]>
    </failure>
  </testcase> <!-- runScenario -->
</testsuite> <!-- ExtentReport5 for Cucumber -->
